# JRE version: Java(TM) SE Runtime Environment (8.0_144-b01) (build 1.8.0_144-b01)
# Java VM: Java HotSpot(TM) 64-Bit Server VM (25.144-b01 mixed mode linux-amd64 compressed oops)
Heap:
 PSYoungGen      total 240128K, used 173891K [0x00000000ec000000, 0x0000000100000000, 0x0000000100000000)
  eden space 196608K, 66% used [0x00000000ec000000,0x00000000f3fbcd00,0x00000000f8000000)
  from space 43520K, 99% used [0x00000000f8000000,0x00000000faa14100,0x00000000faa80000)
  to   space 68096K, 0% used [0x00000000fbd80000,0x00000000fbd80000,0x0000000100000000)
 ParOldGen       total 150016K, used 117056K [0x00000000c4000000, 0x00000000cd280000, 0x00000000ec000000)
  object space 150016K, 78% used [0x00000000c4000000,0x00000000cb250198,0x00000000cd280000)
 Metaspace       used 36231K, capacity 36888K, committed 37424K, reserved 1081344K
  class space    used 4361K, capacity 4497K, committed 4656K, reserved 1048576K
GC Heap History (10 events):
Event: 19527.568 GC heap before
{Heap before GC invocations=80 (full 3):
 PSYoungGen      total 254464K, used 254438K [0x00000000ec000000, 0x0000000100000000, 0x0000000100000000)
  eden space 217088K, 100% used [0x00000000ec000000,0x00000000f9400000,0x00000000f9400000)
  from space 37376K, 99% used [0x00000000fdb80000,0x00000000ffff9be8,0x0000000100000000)
  to   space 55296K, 0% used [0x00000000f9400000,0x00000000f9400000,0x00000000fca00000)
 ParOldGen       total 150016K, used 117043K [0x00000000c4000000, 0x00000000cd280000, 0x00000000ec000000)
  object space 150016K, 78% used [0x00000000c4000000,0x00000000cb24ce40,0x00000000cd280000)
 Metaspace       used 35043K, capacity 35684K, committed 36144K, reserved 1081344K
  class space    used 4206K, capacity 4331K, committed 4400K, reserved 1048576K
Event: 19527.814 GC heap after
Heap after GC invocations=80 (full 3):
 PSYoungGen      total 257536K, used 40060K [0x00000000ec000000, 0x0000000100000000, 0x0000000100000000)
  eden space 217088K, 0% used [0x00000000ec000000,0x00000000ec000000,0x00000000f9400000)
  from space 40448K, 99% used [0x00000000f9400000,0x00000000fbb1f290,0x00000000fbb80000)
  to   space 59904K, 0% used [0x00000000fc580000,0x00000000fc580000,0x0000000100000000)
 ParOldGen       total 150016K, used 117048K [0x00000000c4000000, 0x00000000cd280000, 0x00000000ec000000)
  object space 150016K, 78% used [0x00000000c4000000,0x00000000cb24e198,0x00000000cd280000)
 Metaspace       used 35043K, capacity 35684K, committed 36144K, reserved 1081344K
  class space    used 4206K, capacity 4331K, committed 4400K, reserved 1048576K
}
Event: 19940.223 GC heap before
{Heap before GC invocations=81 (full 3):
 PSYoungGen      total 257536K, used 257148K [0x00000000ec000000, 0x0000000100000000, 0x0000000100000000)
  eden space 217088K, 100% used [0x00000000ec000000,0x00000000f9400000,0x00000000f9400000)
  from space 40448K, 99% used [0x00000000f9400000,0x00000000fbb1f290,0x00000000fbb80000)
  to   space 59904K, 0% used [0x00000000fc580000,0x00000000fc580000,0x0000000100000000)
 ParOldGen       total 150016K, used 117048K [0x00000000c4000000, 0x00000000cd280000, 0x00000000ec000000)
  object space 150016K, 78% used [0x00000000c4000000,0x00000000cb24e198,0x00000000cd280000)
 Metaspace       used 35043K, capacity 35684K, committed 36144K, reserved 1081344K
  class space    used 4206K, capacity 4331K, committed 4400K, reserved 1048576K
Event: 19940.481 GC heap after
Heap after GC invocations=81 (full 3):
 PSYoungGen      total 262656K, used 37824K [0x00000000ec000000, 0x0000000100000000, 0x0000000100000000)
  eden space 202752K, 0% used [0x00000000ec000000,0x00000000ec000000,0x00000000f8600000)
  from space 59904K, 63% used [0x00000000fc580000,0x00000000fea700d8,0x0000000100000000)
  to   space 62464K, 0% used [0x00000000f8600000,0x00000000f8600000,0x00000000fc300000)
 ParOldGen       total 150016K, used 117048K [0x00000000c4000000, 0x00000000cd280000, 0x00000000ec000000)
  object space 150016K, 78% used [0x00000000c4000000,0x00000000cb24e198,0x00000000cd280000)
 Metaspace       used 35043K, capacity 35684K, committed 36144K, reserved 1081344K
  class space    used 4206K, capacity 4331K, committed 4400K, reserved 1048576K
}
Event: 20321.164 GC heap before
{Heap before GC invocations=82 (full 3):
 PSYoungGen      total 262656K, used 240576K [0x00000000ec000000, 0x0000000100000000, 0x0000000100000000)
  eden space 202752K, 100% used [0x00000000ec000000,0x00000000f8600000,0x00000000f8600000)
  from space 59904K, 63% used [0x00000000fc580000,0x00000000fea700d8,0x0000000100000000)
  to   space 62464K, 0% used [0x00000000f8600000,0x00000000f8600000,0x00000000fc300000)
 ParOldGen       total 150016K, used 117048K [0x00000000c4000000, 0x00000000cd280000, 0x00000000ec000000)
  object space 150016K, 78% used [0x00000000c4000000,0x00000000cb24e198,0x00000000cd280000)
 Metaspace       used 35045K, capacity 35684K, committed 36144K, reserved 1081344K
  class space    used 4206K, capacity 4331K, committed 4400K, reserved 1048576K
Event: 20321.421 GC heap after
Heap after GC invocations=82 (full 3):
 PSYoungGen      total 240640K, used 37796K [0x00000000ec000000, 0x0000000100000000, 0x0000000100000000)
  eden space 202752K, 0% used [0x00000000ec000000,0x00000000ec000000,0x00000000f8600000)
  from space 37888K, 99% used [0x00000000f8600000,0x00000000faae93e0,0x00000000fab00000)
  to   space 64512K, 0% used [0x00000000fc100000,0x00000000fc100000,0x0000000100000000)
 ParOldGen       total 150016K, used 117048K [0x00000000c4000000, 0x00000000cd280000, 0x00000000ec000000)
  object space 150016K, 78% used [0x00000000c4000000,0x00000000cb24e198,0x00000000cd280000)
 Metaspace       used 35045K, capacity 35684K, committed 36144K, reserved 1081344K
  class space    used 4206K, capacity 4331K, committed 4400K, reserved 1048576K
}
Event: 20791.413 GC heap before
{Heap before GC invocations=83 (full 3):
 PSYoungGen      total 240640K, used 240548K [0x00000000ec000000, 0x0000000100000000, 0x0000000100000000)
  eden space 202752K, 100% used [0x00000000ec000000,0x00000000f8600000,0x00000000f8600000)
  from space 37888K, 99% used [0x00000000f8600000,0x00000000faae93e0,0x00000000fab00000)
  to   space 64512K, 0% used [0x00000000fc100000,0x00000000fc100000,0x0000000100000000)
 ParOldGen       total 150016K, used 117048K [0x00000000c4000000, 0x00000000cd280000, 0x00000000ec000000)
  object space 150016K, 78% used [0x00000000c4000000,0x00000000cb24e198,0x00000000cd280000)
 Metaspace       used 35050K, capacity 35684K, committed 36144K, reserved 1081344K
  class space    used 4206K, capacity 4331K, committed 4400K, reserved 1048576K
Event: 20791.642 GC heap after
Heap after GC invocations=83 (full 3):
 PSYoungGen      total 261120K, used 37588K [0x00000000ec000000, 0x0000000100000000, 0x0000000100000000)
  eden space 196608K, 0% used [0x00000000ec000000,0x00000000ec000000,0x00000000f8000000)
  from space 64512K, 58% used [0x00000000fc100000,0x00000000fe5b52d0,0x0000000100000000)
  to   space 65536K, 0% used [0x00000000f8000000,0x00000000f8000000,0x00000000fc000000)
 ParOldGen       total 150016K, used 117048K [0x00000000c4000000, 0x00000000cd280000, 0x00000000ec000000)
  object space 150016K, 78% used [0x00000000c4000000,0x00000000cb24e198,0x00000000cd280000)
 Metaspace       used 35050K, capacity 35684K, committed 36144K, reserved 1081344K
  class space    used 4206K, capacity 4331K, committed 4400K, reserved 1048576K
}
Event: 24394.768 GC heap before
{Heap before GC invocations=84 (full 3):
 PSYoungGen      total 261120K, used 234196K [0x00000000ec000000, 0x0000000100000000, 0x0000000100000000)
  eden space 196608K, 100% used [0x00000000ec000000,0x00000000f8000000,0x00000000f8000000)
  from space 64512K, 58% used [0x00000000fc100000,0x00000000fe5b52d0,0x0000000100000000)
  to   space 65536K, 0% used [0x00000000f8000000,0x00000000f8000000,0x00000000fc000000)
 ParOldGen       total 150016K, used 117048K [0x00000000c4000000, 0x00000000cd280000, 0x00000000ec000000)
  object space 150016K, 78% used [0x00000000c4000000,0x00000000cb24e198,0x00000000cd280000)
 Metaspace       used 36231K, capacity 36888K, committed 37424K, reserved 1081344K
  class space    used 4361K, capacity 4497K, committed 4656K, reserved 1048576K
Event: 24395.022 GC heap after
Heap after GC invocations=84 (full 3):
 PSYoungGen      total 240128K, used 43088K [0x00000000ec000000, 0x0000000100000000, 0x0000000100000000)
  eden space 196608K, 0% used [0x00000000ec000000,0x00000000ec000000,0x00000000f8000000)
  from space 43520K, 99% used [0x00000000f8000000,0x00000000faa14100,0x00000000faa80000)
  to   space 68096K, 0% used [0x00000000fbd80000,0x00000000fbd80000,0x0000000100000000)
 ParOldGen       total 150016K, used 117056K [0x00000000c4000000, 0x00000000cd280000, 0x00000000ec000000)
  object space 150016K, 78% used [0x00000000c4000000,0x00000000cb250198,0x00000000cd280000)
 Metaspace       used 36231K, capacity 36888K, committed 37424K, reserved 1081344K
  class space    used 4361K, capacity 4497K, committed 4656K, reserved 1048576K
}

